<?xml version="1.0" encoding="UTF-8"?>
<testsuite name="com.bridgelabz.linkedin.test.KeywordDrivenTest" tests="1" skipped="0" failures="0" errors="0" timestamp="2021-06-02T05:19:37" hostname="LAPTOP-VA1S61KV" time="23.436">
  <properties/>
  <testcase name="loginIntoApplication" classname="com.bridgelabz.linkedin.test.KeywordDrivenTest" time="23.436"/>
  <system-out><![CDATA[Keywords [openBrowser, navigate, enterEmail, enterPassword, clickSignln, closeBrowser]
]]></system-out>
  <system-err><![CDATA[SLF4J: Failed to load class "org.slf4j.impl.StaticLoggerBinder".
SLF4J: Defaulting to no-operation (NOP) logger implementation
SLF4J: See http://www.slf4j.org/codes.html#StaticLoggerBinder for further details.
Starting ChromeDriver 90.0.4430.24 (4c6d850f087da467d926e8eddb76550aed655991-refs/branch-heads/4430@{#429}) on port 5839
Only local connections are allowed.
Please see https://chromedriver.chromium.org/security-considerations for suggestions on keeping ChromeDriver safe.
ChromeDriver was started successfully.
Jun 02, 2021 10:49:41 AM org.openqa.selenium.remote.ProtocolHandshake createSession
INFO: Detected dialect: W3C
]]></system-err>
</testsuite>
